Error executing: drop index AK_GAC_UK_GL_ACCT on GL_ACCT
.  Cause: com.mysql.jdbc.exceptions.jdbc4.MySQLSyntaxErrorException: Can't DROP 'AK_GAC_UK_GL_ACCT'; check that column/key exists
Error executing: drop index IND_GL_POST_HIST_1 on GL_POST_HIST
.  Cause: com.mysql.jdbc.exceptions.jdbc4.MySQLSyntaxErrorException: Can't DROP 'IND_GL_POST_HIST_1'; check that column/key exists
Error executing: drop index GL_POST_IND1 on GL_POST
.  Cause: com.mysql.jdbc.exceptions.jdbc4.MySQLSyntaxErrorException: Can't DROP 'GL_POST_IND1'; check that column/key exists
Error executing: drop index IND_GL_POST_1 on GL_POST
.  Cause: com.mysql.jdbc.exceptions.jdbc4.MySQLSyntaxErrorException: Can't DROP 'IND_GL_POST_1'; check that column/key exists
Error executing: drop index MB_ACCT_INT_DETAIL_IND1 on MB_PCP_ACCT_DETAIL
.  Cause: com.mysql.jdbc.exceptions.jdbc4.MySQLSyntaxErrorException: Can't DROP 'MB_ACCT_INT_DETAIL_IND1'; check that column/key exists
Error executing: drop index AK_KBH_UK2_FM_BANK_ on FM_BANK_HIERARCHY
.  Cause: com.mysql.jdbc.exceptions.jdbc4.MySQLSyntaxErrorException: Can't DROP 'AK_KBH_UK2_FM_BANK_'; check that column/key exists
Error executing: drop index FACR_IND4 on FM_ACCT_CLIENT_RELATION
.  Cause: com.mysql.jdbc.exceptions.jdbc4.MySQLSyntaxErrorException: Can't DROP 'FACR_IND4'; check that column/key exists
Error executing: drop index FACR_IND1 on FM_ACCT_CLIENT_RELATION
.  Cause: com.mysql.jdbc.exceptions.jdbc4.MySQLSyntaxErrorException: Can't DROP 'FACR_IND1'; check that column/key exists
Error executing: drop index FACR_IND2 on FM_ACCT_CLIENT_RELATION
.  Cause: com.mysql.jdbc.exceptions.jdbc4.MySQLSyntaxErrorException: Can't DROP 'FACR_IND2'; check that column/key exists
Error executing: drop index FACR_IND3 on FM_ACCT_CLIENT_RELATION
.  Cause: com.mysql.jdbc.exceptions.jdbc4.MySQLSyntaxErrorException: Can't DROP 'FACR_IND3'; check that column/key exists
Error executing: drop table if exists MB_BATCH_OPEN;
/*==============================================================*/
/* Table: MB_BATCH_OPEN                                           */
/*==============================================================*/
create table MB_BATCH_OPEN
(
    CONTRAST_BAT_NO varchar(50) not null comment '批次号',
    OPEN_CLASS varchar(3) not null comment '批量开立业务分类',
    CONTRAST_DESC varchar(250) comment '描次描述',
    OPEN_TYPE varchar(3) comment '批量开立方式',
    FILE_NAME varchar(500) comment '文件名',
    FILE_PATH varchar(512) comment '文件路径',
    TOTAL_NUM varchar(10) comment '总数量',
    TOTAL_AMT Decimal(17,2) comment '总金额',
    OPEN_DATE varchar(8) comment '开立日期',
    OPEN_BRANCH varchar(20) comment '申请开立机构',
    CARD_P_FLAG varchar(1) comment '卡/折标志：C-卡 P-折',
    PROD_TYPE varchar(50) comment '批量开户产品类型',
    OPEN_CCY varchar(3) comment '批量开户币种',
    GET_TYPE varchar(10) comment '批量开卡领取方式',
    COPR_NAME varchar(200) comment '单位名称',
    WITHDRAWAL_TYPE varchar(1) comment '支取方式',
    FROM_CARD_NO varchar(50) comment '失败数量',
    TO_CARD_NO varchar(50) comment '终止卡号',
    CONTRAST_BAT_STATUS varchar(1) comment '批次状态',
    SUCC_NUM varchar(10) comment '成功数量',
    FAIL_NUM varchar(10) comment '失败数量',
    ERROR_DESC varchar(4000) comment '错误描述',
    SERVER_IP varchar(50) comment '后台服务IP',
    BEGIN_TIME varchar(30) comment '开始时间',
    END_TIME varchar(30) comment '完成时间',
    APPR_FLAG varchar(1) comment '复核标志',
    APPR_USER_ID varchar(30) comment '复核柜员',
    AUTH_FLAG varchar(1) comment '授权标志',
    AUTH_USER_ID varchar(30) comment '授权柜员',
    BRANCH_ID varchar(20) comment '执行机构',
    COMPANY varchar(20) comment '法人',
    DEST_BRANCH_NO varchar(6) comment '目标节点编号',
    MAC_VALUE varchar(50) comment '传输密押',
    PROGRAM_ID varchar(20) comment '交易屏幕标识号',
    REFERENCE varchar(50) comment '交易参考号',
    RUN_DATE varchar(8) comment '运行日期',
    SEQ_NO varchar(50) comment '交易流水号',
    SOURCE_BRANCH_NO varchar(6) comment '源节点编号',
    SOURCE_TYPE varchar(10) comment '渠道类型',
    SYSTEM_ID varchar(20) comment '系统ID',
    THREAD_NO varchar(512) comment '线程编号',
    TRAN_DATE varchar(8) comment '交易日期',
    TRAN_MODE varchar(10) comment '交易模式',
    TRAN_TIMESTAMP varchar(17) comment '运行时间',
    USER_ID varchar(30) comment '柜员',
    USER_LANG varchar(20) comment '柜员语言',
    TRAN_TIME Decimal(11,0) comment '交易时间',
    CLIENT_TYPE varchar(3) not null comment '客户类型',
    CATEGORY_TYPE varchar(3) not null comment '客户细分类型',
    CONTACT_TYPE varchar(3) not null comment '联系类型',
    primary  key (CONTRAST_BAT_NO)
);
alter table MB_BATCH_OPEN comment '批量开立信息登记簿 undefined';
.  Cause: com.mysql.jdbc.exceptions.jdbc4.MySQLSyntaxErrorException: You have an error in your SQL syntax; check the manual that corresponds to your MySQL server version for the right syntax to use near 'create table MB_BATCH_OPEN
(
    CONTRAST_BAT_NO varchar(50) not null comment ' at line 5
Error executing: drop table if exists MB_BATCH_TRAN;
/*==============================================================*/
/* Table: MB_BATCH_TRAN                                           */
/*==============================================================*/
create table MB_BATCH_TRAN
(
    BATCH_NO varchar(50) not null comment '批处理号',
    BATCH_CLASS varchar(10) not null comment '批量交易类型',
    RUN_TIME varchar(3) comment '运行时间',
    FILE_PATH varchar(512) comment '文件路径',
    FILE_NAME varchar(500) comment '文件名称',
    TOTAL_NUM varchar(10) comment '总数量',
    TOTAL_AMT Decimal(17,2) comment '计划总金额',
    DEAL_DATE varchar(8) comment '处理日期',
    BATCH_STATUS varchar(3) comment '批次处理状态 ',
    SUCC_NUM varchar(10) comment '成功数量',
    FAIL_NUM varchar(10) comment '失败数量',
    ERROR_DESC varchar(4000) comment '未生成分录原因',
    NARRATIVE varchar(300) comment '摘要，开户时的账号用途，销户时的销户原因',
    SERVER_IP varchar(50) comment '后台服务IP',
    BEGIN_TIME varchar(30) comment '开始时间',
    END_TIME varchar(30) comment '终止时间',
    APPR_FLAG varchar(1) comment '复核标志',
    APPR_USER_ID varchar(30) comment '复核柜员',
    AUTH_FLAG varchar(1) comment '授权标志',
    AUTH_USER_ID varchar(30) comment '授权柜员',
    BRANCH_ID varchar(20) comment '机构代码',
    COMPANY varchar(20) comment '法人代码',
    DEST_BRANCH_NO varchar(6) comment '目标节点编号',
    MAC_VALUE varchar(50) comment '传输密押',
    PROGRAM_ID varchar(20) comment '交易码',
    REFERENCE varchar(50) comment '交易参考号',
    RUN_DATE varchar(8) comment '运行日期',
    SEQ_NO varchar(50) comment '序号',
    SOURCE_BRANCH_NO varchar(6) comment '源节点编号',
    SOURCE_TYPE varchar(10) comment '渠道',
    SYSTEM_ID varchar(20) comment '系统ID',
    THREAD_NO varchar(512) comment '线程编号',
    TRAN_DATE varchar(8) comment '交易日期',
    TRAN_MODE varchar(10) comment '交易模式',
    TRAN_TIMESTAMP varchar(17) comment '交易时间戳',
    USER_ID varchar(30) comment '交易柜员 FM_USER.USER_ID',
    USER_LANG varchar(20) comment '柜员语言 ',
    TRAN_TIME Decimal(11,0) comment '交易时间',
    ROUTER_KEY varchar(100) comment '分库路由关键字',
    BATCH_DESC varchar(300),
    primary  key (BATCH_NO)
);
alter table MB_BATCH_TRAN comment '批量交易信息登记簿 undefined';
.  Cause: com.mysql.jdbc.exceptions.jdbc4.MySQLSyntaxErrorException: You have an error in your SQL syntax; check the manual that corresponds to your MySQL server version for the right syntax to use near 'create table MB_BATCH_TRAN
(
    BATCH_NO varchar(50) not null comment '批处' at line 5
Error executing: drop index MB_ACCT_INT_DETAIL_IND1 on MB_PCP_ACCT_DETAIL
.  Cause: com.mysql.jdbc.exceptions.jdbc4.MySQLSyntaxErrorException: Can't DROP 'MB_ACCT_INT_DETAIL_IND1'; check that column/key exists
Error executing: drop index PK_TB_VOUCHER_TRAILBOX_INFO_BA on TB_VOUCHER_TRAILBOX_INFO_BAK
.  Cause: com.mysql.jdbc.exceptions.jdbc4.MySQLSyntaxErrorException: Can't DROP 'PK_TB_VOUCHER_TRAILBOX_INFO_BA'; check that column/key exists
Error executing: drop index CIF_CLIENT_DOC_IND1 on CIF_CLIENT_DOCUMENT
.  Cause: com.mysql.jdbc.exceptions.jdbc4.MySQLSyntaxErrorException: Can't DROP 'CIF_CLIENT_DOC_IND1'; check that column/key exists
Error executing: drop index CIF_CLIENT_DOC_IND2 on CIF_CLIENT_DOCUMENT
.  Cause: com.mysql.jdbc.exceptions.jdbc4.MySQLSyntaxErrorException: Can't DROP 'CIF_CLIENT_DOC_IND2'; check that column/key exists
Error executing: drop index CIF_CLIENT_NO_IND on CIF_CLIENT
.  Cause: com.mysql.jdbc.exceptions.jdbc4.MySQLSyntaxErrorException: Can't DROP 'CIF_CLIENT_NO_IND'; check that column/key exists
Error executing: drop index MB_ACCT_BALANCE_IND1 on MB_ACCT_BALANCE
.  Cause: com.mysql.jdbc.exceptions.jdbc4.MySQLSyntaxErrorException: Can't DROP 'MB_ACCT_BALANCE_IND1'; check that column/key exists
Error executing: drop index MB_ACCT_BALANCE_IND2 on MB_ACCT_BALANCE
.  Cause: com.mysql.jdbc.exceptions.jdbc4.MySQLSyntaxErrorException: Can't DROP 'MB_ACCT_BALANCE_IND2'; check that column/key exists
Error executing: drop table if exists MB_ACCT_INT_DETAIL;
/*==============================================================*/
/* Table: MB_ACCT_INT_DETAIL                                           */
/*==============================================================*/
create table MB_ACCT_INT_DETAIL
(
    INTERNAL_KEY Decimal(15) not null comment '帐户主键',
    INT_CLASS varchar(20) not null comment '利息分类 IRL_INT_ROLL.INT_CLASS',
    NEXT_CYCLE_DATE varchar(8) comment '下一结息日',
    CYCLE_FREQ varchar(2) comment '结息周期',
    INT_DAY varchar(2) comment '结息日',
    LAST_CYCLE_DATE varchar(8) comment '上一结息日',
    LAST_TRUE_CYCLE_DATE varchar(8) comment '上一真实结息日（增加特殊结息日如到期日时使用）',
    INT_TYPE varchar(3) comment '利率类型 IRL_INT_TYPE.INT_TAX_TYPE',
    ACTUAL_RATE Decimal(15,8) comment '行内利率',
    FLOAT_RATE Decimal(15,8) comment '浮动利率',
    SPREAD_RATE Decimal(15,8) comment '浮动点数',
    SPREAD_PERCENT Decimal(5,2) comment '利率浮动百分比',
    ACCT_FIXED_RATE Decimal(15,8) comment '分户级固定利率',
    ACCT_SPREAD_RATE Decimal(15,8) comment '分户级浮动百分点',
    ACCT_PERCENT_RATE Decimal(5,2) comment '分户浮动百分比',
    REAL_RATE Decimal(15,8) comment '执行利率',
    PENALTY_ODI_RATE_TYPE varchar(1) comment '罚息利率使用方式  IRL_INT_TYPE.INT_TAX_TYPE',
    INT_ACCRUED_CTD Decimal(17,2) comment '计提日计提利息',
    INT_ACCRUED Decimal(17,2) comment '累计计提利息（结息周期内累计计提金额）',
    INT_ADJ_CTD Decimal(17,2) comment '计提日利息调整',
    INT_ADJ Decimal(17,2) comment '利息调整(累计)',
    INT_POSTED_CTD Decimal(17,2) comment '结息日利息金额',
    INT_POSTED Decimal(17,2) comment '结息利息金额（累计金额）',
    INT_PAST_DUE Decimal(17,2) comment '逾期利息',
    LAST_INT_PAST_DUE Decimal(17,2) comment '上日逾期利息',
    INT_CAP varchar(1) comment '资本化标志 Y:是 N:否',
    INT_CAP_AMT Decimal(17,2) comment '利息资本化金额',
    LAST_ACCRUAL_DATE varchar(8) comment '上一利息计提日',
    INT_APPL_TYPE varchar(1) comment '利率启用方式 MB_ATTR_VALUE.INT_APPL_TYPE',
    RATE_EFFECT_TYPE varchar(1) comment '利率生效方式',
    ROLL_DATE varchar(8) comment '下一个利率变更日期 ',
    ROLL_FREQ varchar(2) comment '利率变更周期',
    ROLL_DAY varchar(2) comment '下一个利率变更日 ',
    DISCNT_RETAIN_INT Decimal(17,2) comment '未实现利息',
    DISCNT_UI_FLAG Decimal(17,2) comment '折扣利息标志',
    UI_INT Decimal(17,2) comment '折扣付出利息',
    UI_PENALTY_AMT Decimal(17,2) comment '折扣罚息金额',
    DISCNT_INT Decimal(17,2) comment '折扣利息',
    CALC_BEGIN_DATE varchar(8) comment '利息计算起始日',
    CALC_END_DATE varchar(8) comment '利息计算截止日',
    LAST_CHANGE_DATE varchar(8) comment '最后变更日期 ',
    LAST_CHANGE_USER_ID varchar(30) comment '上次修改柜员',
    INT_REM_DAYS varchar(5) comment '计息剩余天数',
    YEAR_BASIS varchar(3) comment '年基准天数 360天 365天',
    MONTH_BASIS varchar(3) comment '月基准 ACT:实际天数 30D:每月30天',
    DAC_VALUE varchar(32) comment 'DAC值  防篡改加密',
    COMPANY varchar(20) comment '法人代码',
    MIN_INT_RATE Decimal(15,8) comment '执行利率下限',
    MAX_INT_RATE Decimal(15,8) comment '执行利率上限',
    TAX_TYPE varchar(3) comment '税率类型  IRL_INT_TYPE.INT_TAX_TYPE',
    TAX_RATE Decimal(15,8) comment '税率',
    TAX_ACCRUED_CTD Decimal(17,2) comment '计提日利息税',
    TAX_ACCRUED Decimal(17,2) comment '结息周期内利息税累计金额',
    TAX_POSTED_CTD Decimal(17,2) comment '结息日利息税',
    TAX_POSTED Decimal(17,2) comment '利息税累计金额',
    LAST_CYCLE_DATE_PRE varchar(8) comment '日切前上一结息日',
    INT_IND varchar(1) comment '是否计息 Y:是 N:否',
    RATE_CHANGE_IND varchar(1) comment '利率变化标志，由利率市场化返回，当执行利率发生变化时登记为Y,核心依据此标志重新生成还款计划。第二日EOD利率市场化重新赋值。',
    ACCR_INT_DAY varchar(2) comment '计提日',
    ACCR_PERIOD_FREQ varchar(2) comment '计提周期  FM_PERIOD_FREQ.PERIOD_FREQ',
    NEXT_ACCR_DATE varchar(8) comment '下一计提日期',
    AGG Decimal(38,2) not null default 0.00   comment '积数',
    AGREE_AGG Decimal(38,2) comment '协议积数',
    AGREE_POST Decimal(17,2) comment '协议利息 ',
    INT_ACCRUED_CALC_CTD Decimal(25,10) comment '计提日计提原金额（实际计算金额）',
    INT_ACCRUED_DIFF Decimal(15,10) comment '计提金额差额',
    INT_ACCRUED_T Decimal(17,2) comment '存期计提累计利息',
    INT_AMT Decimal(17,2) comment '利息金额',
    IS_CYCLE varchar(1) comment '是否结息 Y:是 N:否',
    IS_RETRY varchar(1) comment '是否重算 Y:是 N:否',
    LAST_ROLL_DATE varchar(8) comment '上一个利率变更日期  如果利率启用方式为R时录入',
    TAX_ACCRUED_CALC_CTD Decimal(25,10) comment '计提日利息税原金额（实际计算金额）',
    TAX_ACCRUED_DIFF Decimal(15,10) comment '利息税差额',
    INT_CALC_BAL varchar(3) comment '计息方式 MB_ATTR_VALUE.INT_CALC_TYPE',
    CALC_BY_INT varchar(1) default 'N' comment 'Y: 按正常利率浮动
N:不按正常利率浮动',
    SETTLE_CYCLE_DATE varchar(8) comment '账户结算日期',
    AGREE_CHANGE_TYPE varchar(1) comment '协议变动方式',
    AGREE_FIXED_RATE Decimal(15,8) comment '协议固定利率',
    AGREE_PERCENT_RATE Decimal(5,2) comment '协议浮动百分比',
    AGREE_SPREAD_RATE Decimal(15,8) comment '协议浮动百分点',
    TD_INT_NUM_DAYS varchar(5) comment '当期累计计息天数',
    SPLIT_RATE_FLAG varchar(1) comment '利率分段标志',
    INT_TAX_T Decimal(17,2) comment '存量利息税：当数据移植后，记录账户移植前的累计利息税',
    ACCT_FIXED_TAX_RATE Decimal(15,8) comment '税率固定浮动',
    ACCT_SPREAD_TAX_RATE Decimal(15,8) comment '税率百分点浮动',
    ACCT_PERCENT_TAX_RATE Decimal(15,8) comment '税率百分比浮动',
    TD_ACCR_INT_DAY varchar(2) comment '计提起始日期',
    AGREE_REDUCE_AMT Decimal(38,2) comment '协议优惠金额',
    TD_LAST_ACCR_DATE varchar(8) comment '当期上一计提日',
    SYSTEM_ID varchar(20) comment '系统ID',
    FLOAT_TYPE varchar(3) comment '浮动类型',
    FOLLOW_INT_DAY_TYPE varchar(1) comment '后续变动日利率取值日类型',
    FOLLOW_TRACE_NATURAL_DAYS varchar(5) comment '回溯自然日天数',
    FOLLOW_TRACE_WORKDAY_DAYS varchar(5) comment '回溯工作日天数',
    TRAN_TIMESTAMP varchar(17) comment '交易时间戳',
    TRAN_TIME Decimal(11,0) comment '交易时间',
    ROUTER_KEY varchar(100) comment '分库路由关键字',
    primary  key (INTERNAL_KEY,INT_CLASS)
);
alter table MB_ACCT_INT_DETAIL comment '利息明细表 undefined';
.  Cause: com.mysql.jdbc.exceptions.jdbc4.MySQLSyntaxErrorException: You have an error in your SQL syntax; check the manual that corresponds to your MySQL server version for the right syntax to use near 'create table MB_ACCT_INT_DETAIL
(
    INTERNAL_KEY Decimal(15) not null commen' at line 5
Error executing: drop index MB_ACCT_SCHEDULE_DETAIL_IND1 on MB_ACCT_SCHEDULE_DETAIL
.  Cause: com.mysql.jdbc.exceptions.jdbc4.MySQLSyntaxErrorException: Can't DROP 'MB_ACCT_SCHEDULE_DETAIL_IND1'; check that column/key exists
Error executing: drop index MB_ACCT_SCH_IND2 on MB_ACCT_SCHEDULE
.  Cause: com.mysql.jdbc.exceptions.jdbc4.MySQLSyntaxErrorException: Can't DROP 'MB_ACCT_SCH_IND2'; check that column/key exists
Error executing: drop index MB_ACCT_SEC_BALANCE_IND1 on MB_ACCT_SEC_BALANCE
.  Cause: com.mysql.jdbc.exceptions.jdbc4.MySQLSyntaxErrorException: Can't DROP 'MB_ACCT_SEC_BALANCE_IND1'; check that column/key exists
Error executing: drop index MB_ACCT_SETTLE_IND1 on MB_ACCT_SETTLE
.  Cause: com.mysql.jdbc.exceptions.jdbc4.MySQLSyntaxErrorException: Can't DROP 'MB_ACCT_SETTLE_IND1'; check that column/key exists
Error executing: drop index MB_ACCT_IND2 on MB_ACCT
.  Cause: com.mysql.jdbc.exceptions.jdbc4.MySQLSyntaxErrorException: Can't DROP 'MB_ACCT_IND2'; check that column/key exists
Error executing: drop index MB_ACCT_IND3 on MB_ACCT
.  Cause: com.mysql.jdbc.exceptions.jdbc4.MySQLSyntaxErrorException: Can't DROP 'MB_ACCT_IND3'; check that column/key exists
Error executing: drop index MB_ACCT_IND4 on MB_ACCT
.  Cause: com.mysql.jdbc.exceptions.jdbc4.MySQLSyntaxErrorException: Can't DROP 'MB_ACCT_IND4'; check that column/key exists
Error executing: drop index MB_ACCT_IND5 on MB_ACCT
.  Cause: com.mysql.jdbc.exceptions.jdbc4.MySQLSyntaxErrorException: Can't DROP 'MB_ACCT_IND5'; check that column/key exists
Error executing: drop index MB_AGREEMENT_LOAN_IND1 on MB_AGREEMENT_LOAN
.  Cause: com.mysql.jdbc.exceptions.jdbc4.MySQLSyntaxErrorException: Can't DROP 'MB_AGREEMENT_LOAN_IND1'; check that column/key exists
Error executing: drop index MB_AGREEMENT_LOAN_IND2 on MB_AGREEMENT_LOAN
.  Cause: com.mysql.jdbc.exceptions.jdbc4.MySQLSyntaxErrorException: Can't DROP 'MB_AGREEMENT_LOAN_IND2'; check that column/key exists
Error executing: drop index MB_AGREEMENT_OVERDRAFT_IND2 on MB_AGREEMENT_OVERDRAFT
.  Cause: com.mysql.jdbc.exceptions.jdbc4.MySQLSyntaxErrorException: Can't DROP 'MB_AGREEMENT_OVERDRAFT_IND2'; check that column/key exists
Error executing: drop index MB_AGREEMENT_IND2 on MB_AGREEMENT
.  Cause: com.mysql.jdbc.exceptions.jdbc4.MySQLSyntaxErrorException: Can't DROP 'MB_AGREEMENT_IND2'; check that column/key exists
Error executing: drop index MB_AGREEMENT_IND3 on MB_AGREEMENT
.  Cause: com.mysql.jdbc.exceptions.jdbc4.MySQLSyntaxErrorException: Can't DROP 'MB_AGREEMENT_IND3'; check that column/key exists
Error executing: drop index MB_AGREEMENT_IND4 on MB_AGREEMENT
.  Cause: com.mysql.jdbc.exceptions.jdbc4.MySQLSyntaxErrorException: Can't DROP 'MB_AGREEMENT_IND4'; check that column/key exists
Error executing: drop index MB_CHANL_TRAN_INDEX on MB_CHANNEL_TRAN_HIST
.  Cause: com.mysql.jdbc.exceptions.jdbc4.MySQLSyntaxErrorException: Can't DROP 'MB_CHANL_TRAN_INDEX'; check that column/key exists
Error executing: drop index MB_CHANL_TRAN_INDEX_1 on MB_CHANNEL_TRAN_HIST
.  Cause: com.mysql.jdbc.exceptions.jdbc4.MySQLSyntaxErrorException: Can't DROP 'MB_CHANL_TRAN_INDEX_1'; check that column/key exists
Error executing: drop index MB_CHANL_TRAN_INDEX_2 on MB_CHANNEL_TRAN_HIST
.  Cause: com.mysql.jdbc.exceptions.jdbc4.MySQLSyntaxErrorException: Can't DROP 'MB_CHANL_TRAN_INDEX_2'; check that column/key exists
Error executing: drop table if exists MB_COLLAT_TBL;
/*==============================================================*/
/* Table: MB_COLLAT_TBL                                           */
/*==============================================================*/
create table MB_COLLAT_TBL
(
    COLL_REF varchar(50) not null comment '抵押品编号',
    BRANCH varchar(20) comment '机构号',
    CONTRACT_NO varchar(50) comment '合同号',
    OWNER_NO varchar(200) comment '客户号',
    OWNER varchar(50) comment '客户名称',
    COLLAT_TYPE varchar(10) comment '抵押品种类',
    COLLAT_NAME varchar(50) comment '抵押品名称',
    COLLAT_VALUE Decimal(17,2) comment '抵押品价值',
    CCY varchar(3) comment '币种',
    VOUCHER_NO varchar(50) comment '凭证号',
    BASE_ACCT_NO varchar(150) comment '账户',
    PROD_TYPE varchar(50) comment '产品类型',
    ACCT_CCY varchar(3) comment '账户币种',
    ACCT_SEQ_NO varchar(8) comment '账户序号',
    BEGIN_DATE varchar(8) comment '开始日期',
    END_DATE varchar(8) comment '结束日期',
    TRAN_DATE varchar(8) comment '交易日期',
    STATUS varchar(3) comment '状态',
    USER_ID varchar(30) comment '操作柜员',
    AUTH_USER_ID varchar(30) comment '复核柜员',
    APPR_USER_ID varchar(30) comment '授权柜员',
    WS_ID varchar(200) comment '操作机器码',
    NARRATIVE varchar(300) comment '备注',
    LAST_CHANGE_DATE varchar(8) comment '最后修改日期',
    IS_INNER varchar(2) comment '是否本行',
    SOURCE_TYPE varchar(10) comment '渠道类型',
    RESTRAINT_SEQ_NO varchar(50) comment '限制序号',
    VERIFY varchar(1) comment '是否确认',
    TRAN_TIMESTAMP varchar(17) comment '交易时间戳',
    TRAN_TIME Decimal(11,0) comment '交易时间',
    ROUTER_KEY varchar(100) comment '分库路由关键字',
    primary  key (COLL_REF)
);
alter table MB_COLLAT_TBL comment '抵质押品登记薄 undefined';
.  Cause: com.mysql.jdbc.exceptions.jdbc4.MySQLSyntaxErrorException: You have an error in your SQL syntax; check the manual that corresponds to your MySQL server version for the right syntax to use near 'create table MB_COLLAT_TBL
(
    COLL_REF varchar(50) not null comment '抵押' at line 5
Error executing: drop index mb_seq_index on MB_COLLATE_APPLY
.  Cause: com.mysql.jdbc.exceptions.jdbc4.MySQLSyntaxErrorException: Can't DROP 'mb_seq_index'; check that column/key exists
Error executing: drop index mb_tran_index1 on MB_COLLATE_APPLY
.  Cause: com.mysql.jdbc.exceptions.jdbc4.MySQLSyntaxErrorException: Can't DROP 'mb_tran_index1'; check that column/key exists
Error executing: /*==============================================================*/
/* Table: MB_FEE_AMORTIZE_AGR                                           */
/*==============================================================*/
create table MB_FEE_AMORTIZE_AGR
(
    AGREEMENT_ID varchar(30) not null comment '合约编号',
    INTERNAL_KEY Decimal(15) comment '账户标识符',
    CLIENT_NO varchar(20) not null comment '客户号',
    TRAN_TYPE varchar(10) not null comment '交易类型',
    FEE_TYPE varchar(8) not null comment '费用类型',
    AMORTIZE_NAME varchar(200) comment '摊销名称',
    BUSI_NO varchar(50) comment '业务编号',
    AMORTIZE_PERIOD_FREQ varchar(2) not null comment '摊销频率 ',
    AMORTIZE_TIME varchar(2) not null comment '摊销时间 F-期初 L-期末 D-周期内固定日期',
    AMORTIZE_MONTH varchar(2) comment '摊销月',
    AMORTIZE_DAY varchar(2) comment '摊销日',
    LAST_AMORTIZE_DATE varchar(8) comment '上一摊销日期',
    NEXT_AMORTIZE_DATE varchar(8) comment '下一摊销日期',
    AMORTIZE_CCY varchar(3) not null comment '摊销币种',
    AMORTIZE_TOTAL_AMT Decimal(17,2) not null comment '摊销总金额',
    AMORTIZED_AMT Decimal(17,2) comment '已摊销金额',
    REMAIN_AMORTIZE_AMT Decimal(17,2) not null comment '剩余摊销金额',
    AMORTIZE_TOTAL_CNT varchar(5) comment '摊销总次数',
    AMORTIZED_CNT varchar(5) comment '已摊销次数',
    REMAIN_AMORTIZE_CNT varchar(5) comment '剩余摊销次数',
    EFFECT_DATE varchar(8) not null comment '生效日期',
    END_DATE varchar(8) comment '结束日期',
    AMORTIZE_STATUS varchar(2) not null comment '摊销状态 A-活动 C-正常关闭 D-已删除 P-预建立 R-已冲销',
    TRAN_DATE varchar(8) not null comment '交易日期',
    TRAN_BRANCH varchar(20) not null comment '交易机构',
    USER_ID varchar(30) comment '交易柜员',
    AUTH_USER_ID varchar(30) comment '授权柜员',
    REFERENCE varchar(50) comment '交易参考号',
    CHANNEL_SEQ_NO varchar(50) comment '渠道流水号',
    BANK_SEQ_NO varchar(50) comment '银行交易序号',
    SOURCE_MODULE varchar(10) comment '来源模块',
    SOURCE_TYPE varchar(10) comment '渠道类型',
    OSD_SEQ_NO varchar(50) comment '应收费用序号
.  Cause: com.mysql.jdbc.exceptions.jdbc4.MySQLSyntaxErrorException: You have an error in your SQL syntax; check the manual that corresponds to your MySQL server version for the right syntax to use near ''应收费用序号' at line 38
Error executing:     BATCH_SEQ_NO varchar(50) comment '登记序号
.  Cause: com.mysql.jdbc.exceptions.jdbc4.MySQLSyntaxErrorException: You have an error in your SQL syntax; check the manual that corresponds to your MySQL server version for the right syntax to use near 'BATCH_SEQ_NO varchar(50) comment '登记序号' at line 1
Error executing:     REVERSAL varchar(1) not null comment '冲正标志',
    REVERSAL_USER_ID varchar(30) comment '冲正柜员',
    REVERSAL_AUTH_USER_ID varchar(30) comment '冲正授权柜员',
    REVERSAL_BRANCH varchar(20) comment '冲正机构',
    REVERSAL_DATE varchar(8) comment '冲正日期',
    TRAN_TIMESTAMP varchar(17) comment '交易时间戳',
    TRAN_TIME Decimal(11,0) comment '交易时间',
    ROUTER_KEY varchar(100) comment '分库路由关键字',
    primary  key (AGREEMENT_ID)
)
.  Cause: com.mysql.jdbc.exceptions.jdbc4.MySQLSyntaxErrorException: You have an error in your SQL syntax; check the manual that corresponds to your MySQL server version for the right syntax to use near 'REVERSAL varchar(1) not null comment '冲正标志',
    REVERSAL_USER_ID varch' at line 1
Error executing: alter table MB_FEE_AMORTIZE_AGR comment '摊销合约表 undefined'
.  Cause: com.mysql.jdbc.exceptions.jdbc4.MySQLSyntaxErrorException: Table 'ensemble_om.mb_fee_amortize_agr' doesn't exist
Error executing: drop index MB_INVOICE_IND2 on MB_INVOICE
.  Cause: com.mysql.jdbc.exceptions.jdbc4.MySQLSyntaxErrorException: Can't DROP 'MB_INVOICE_IND2'; check that column/key exists
Error executing: drop index MB_INVOICE_IND1 on MB_INVOICE
.  Cause: com.mysql.jdbc.exceptions.jdbc4.MySQLSyntaxErrorException: Can't DROP 'MB_INVOICE_IND1'; check that column/key exists
Error executing: drop index MB_MANUAL_DETAIL_INDEX on MB_MANUAL_DETAIL
.  Cause: com.mysql.jdbc.exceptions.jdbc4.MySQLSyntaxErrorException: Can't DROP 'MB_MANUAL_DETAIL_INDEX'; check that column/key exists
Error executing: drop index MB_MANUAL_DETAIL_INDEX_1 on MB_MANUAL_DETAIL
.  Cause: com.mysql.jdbc.exceptions.jdbc4.MySQLSyntaxErrorException: Can't DROP 'MB_MANUAL_DETAIL_INDEX_1'; check that column/key exists
Error executing: drop index MB_MANUAL_DETAIL_INDEX_2 on MB_MANUAL_DETAIL
.  Cause: com.mysql.jdbc.exceptions.jdbc4.MySQLSyntaxErrorException: Can't DROP 'MB_MANUAL_DETAIL_INDEX_2'; check that column/key exists
Error executing: drop index MB_MAUA_TRAN_INDEX on MB_MANUAL_TRAN_HIST
.  Cause: com.mysql.jdbc.exceptions.jdbc4.MySQLSyntaxErrorException: Can't DROP 'MB_MAUA_TRAN_INDEX'; check that column/key exists
Error executing: drop index MB_MAUA_TRAN_INDEX_1 on MB_MANUAL_TRAN_HIST
.  Cause: com.mysql.jdbc.exceptions.jdbc4.MySQLSyntaxErrorException: Can't DROP 'MB_MAUA_TRAN_INDEX_1'; check that column/key exists
Error executing: drop index MB_MAUA_TRAN_INDEX_2 on MB_MANUAL_TRAN_HIST
.  Cause: com.mysql.jdbc.exceptions.jdbc4.MySQLSyntaxErrorException: Can't DROP 'MB_MAUA_TRAN_INDEX_2'; check that column/key exists
Error executing: drop index MB_MAUA_TRAN_INDEX_3 on MB_MANUAL_TRAN_HIST
.  Cause: com.mysql.jdbc.exceptions.jdbc4.MySQLSyntaxErrorException: Can't DROP 'MB_MAUA_TRAN_INDEX_3'; check that column/key exists
Error executing: drop index MB_TRAN_CONTROL_HIST_IND1 on MB_TRAN_CONTROL_HIST
.  Cause: com.mysql.jdbc.exceptions.jdbc4.MySQLSyntaxErrorException: Can't DROP 'MB_TRAN_CONTROL_HIST_IND1'; check that column/key exists
Error executing: drop index MB_TRAN_HIST_IND1 on MB_TRAN_HIST
.  Cause: com.mysql.jdbc.exceptions.jdbc4.MySQLSyntaxErrorException: Can't DROP 'MB_TRAN_HIST_IND1'; check that column/key exists
Error executing: drop index MB_TRAN_HIST_IND2 on MB_TRAN_HIST
.  Cause: com.mysql.jdbc.exceptions.jdbc4.MySQLSyntaxErrorException: Can't DROP 'MB_TRAN_HIST_IND2'; check that column/key exists
Error executing: drop index MUBT_IND1 on MB_UPD_BALANCE_TRAN
.  Cause: com.mysql.jdbc.exceptions.jdbc4.MySQLSyntaxErrorException: Can't DROP 'MUBT_IND1'; check that column/key exists
Error executing: drop index MUBT_IND2 on MB_UPD_BALANCE_TRAN
.  Cause: com.mysql.jdbc.exceptions.jdbc4.MySQLSyntaxErrorException: Can't DROP 'MUBT_IND2'; check that column/key exists
Error executing: drop index TB_VOUCHER_INFO_IND1 on TB_VOUCHER_INFO
.  Cause: com.mysql.jdbc.exceptions.jdbc4.MySQLSyntaxErrorException: Can't DROP 'TB_VOUCHER_INFO_IND1'; check that column/key exists
Error executing: drop index FX_MB_PAY_MESAGE_IND2 on FX_MB_PAYMENT_MESSAGE
.  Cause: com.mysql.jdbc.exceptions.jdbc4.MySQLSyntaxErrorException: Can't DROP 'FX_MB_PAY_MESAGE_IND2'; check that column/key exists
Error executing: drop index FX_MB_PAY_MESAGE_IND3 on FX_MB_PAYMENT_MESSAGE
.  Cause: com.mysql.jdbc.exceptions.jdbc4.MySQLSyntaxErrorException: Can't DROP 'FX_MB_PAY_MESAGE_IND3'; check that column/key exists
Error executing: drop index FX_MB_PAYMENT_TH_IND2 on FX_MB_PAYMENT_TRAN_HIST
.  Cause: com.mysql.jdbc.exceptions.jdbc4.MySQLSyntaxErrorException: Can't DROP 'FX_MB_PAYMENT_TH_IND2'; check that column/key exists
Error executing: drop index FX_MB_PAYMENT_TH_IND3 on FX_MB_PAYMENT_TRAN_HIST
.  Cause: com.mysql.jdbc.exceptions.jdbc4.MySQLSyntaxErrorException: Can't DROP 'FX_MB_PAYMENT_TH_IND3'; check that column/key exists
Error executing: drop index FX_MB_STOR_TRANH_IND2 on FX_MB_STOR_TRAN_HIST
.  Cause: com.mysql.jdbc.exceptions.jdbc4.MySQLSyntaxErrorException: Can't DROP 'FX_MB_STOR_TRANH_IND2'; check that column/key exists
Error executing: drop index FX_MB_STOR_TRANH_IND3 on FX_MB_STOR_TRAN_HIST
.  Cause: com.mysql.jdbc.exceptions.jdbc4.MySQLSyntaxErrorException: Can't DROP 'FX_MB_STOR_TRANH_IND3'; check that column/key exists
Error executing: drop index CIF_CLIENT_DOC_IND1 on CIF_CLIENT_DOCUMENT
.  Cause: com.mysql.jdbc.exceptions.jdbc4.MySQLSyntaxErrorException: Can't DROP 'CIF_CLIENT_DOC_IND1'; check that column/key exists
Error executing: drop index CIF_CLIENT_DOC_IND2 on CIF_CLIENT_DOCUMENT
.  Cause: com.mysql.jdbc.exceptions.jdbc4.MySQLSyntaxErrorException: Can't DROP 'CIF_CLIENT_DOC_IND2'; check that column/key exists
Error executing: drop index CIF_CLIENT_NO_IND on CIF_CLIENT
.  Cause: com.mysql.jdbc.exceptions.jdbc4.MySQLSyntaxErrorException: Can't DROP 'CIF_CLIENT_NO_IND'; check that column/key exists
Error executing: drop index IRL_ACCR_INFO_MAIN_IND1 on IRL_ACCR_INFO_MAIN
.  Cause: com.mysql.jdbc.exceptions.jdbc4.MySQLSyntaxErrorException: Can't DROP 'IRL_ACCR_INFO_MAIN_IND1'; check that column/key exists
Error executing: drop table if exists IRL_INT_SPLIT_RATE;
/*==============================================================*/
/* Table: IRL_INT_SPLIT_RATE                                           */
/*==============================================================*/
create table IRL_INT_SPLIT_RATE
(
    IRL_SEQ_NO varchar(50) not null comment '序号  ',
    SYSTEM_ID varchar(20) not null comment '系统ID',
    INTERNAL_KEY Decimal(15) not null comment '帐户主键',
    INT_CLASS varchar(20) comment '利息分类',
    SPLIT_DATE varchar(8) comment '分段时计算开始日期',
    START_DATE varchar(8) comment '生效日期',
    END_DATE varchar(8) comment '分段时计算结束日期',
    PERI_SPLIT_ID varchar(10) comment '周期分段ID',
    PERI_SEQ_NO varchar(5) comment '周期分段序号',
    AMT_SPLIT_ID varchar(10) comment '金额分段ID',
    AMT_SEQ_NO varchar(5) comment '金额分段序号',
    NEAR_AMT Decimal(17,2) comment '靠档金额',
    ACCR_AMT Decimal(17,2) comment '计提金额',
    NEAR_PERIOD_TYPE varchar(1) comment '分段周期类型',
    NEAR_PERIOD varchar(5) comment '分段周期',
    ACCR_DAYS varchar(10) comment '计息天数',
    ACTUAL_RATE Decimal(15,8) comment '行内利率',
    FLOAT_RATE Decimal(15,8) comment '浮动利率',
    REAL_RATE Decimal(15,8) comment '执行利率',
    ACCT_SPREAD_RATE Decimal(15,8) comment '分户级浮动百分点',
    ACCT_PERCENT_RATE Decimal(5,2) comment '分户浮动百分比',
    ACCT_FIXED_RATE Decimal(15,8) comment '分户级固定利率',
    INT_TYPE varchar(3) comment '利率类型',
    AMT_SPLIT_MODE varchar(1) comment '金额分段模型',
    PERI_SPLIT_MODE varchar(1) comment '周期分段模型',
    YEAR_BASIS varchar(3) comment '年基准天数',
    MONTH_BASIS varchar(3) comment '月基准天数',
    RECAL_METHOD varchar(1) comment '重算利息方法  ',
    COMPANY varchar(20) comment '法人代码',
    AGREE_FIXED_RATE Decimal(15,8) comment '协议固定利率',
    AGREE_PERCENT_RATE Decimal(5,2) comment '协议浮动百分比',
    AGREE_SPREAD_RATE Decimal(15,8) comment '协议浮动百分点',
    AGREE_CHANGE_TYPE varchar(1) comment '协议变动方式',
    AGREE_REDUCE_AMT Decimal(38,2) comment '协议优惠金额',
    TD_LAST_ACCR_DATE varchar(8) comment '当期上一计提日',
    TD_ACCR_INT_DAY varchar(2) comment '计提起始日期',
    TD_INT_NUM_DAYS varchar(5) comment '当期累计计息天数',
    CALC_BEGIN_DATE varchar(8) comment '利息计算起始日',
    TD_END_ACCR_DATE varchar(8) comment '计提结束日期',
    TRAN_TIMESTAMP varchar(17) comment '交易时间戳',
    TRAN_TIME Decimal(11,0) comment '交易时间',
    ROUTER_KEY varchar(100) comment '分库路由关键字',
    primary  key (IRL_SEQ_NO)
);
alter table IRL_INT_SPLIT_RATE comment '分户分段信息利率表 undefined';
.  Cause: com.mysql.jdbc.exceptions.jdbc4.MySQLSyntaxErrorException: You have an error in your SQL syntax; check the manual that corresponds to your MySQL server version for the right syntax to use near 'create table IRL_INT_SPLIT_RATE
(
    IRL_SEQ_NO varchar(50) not null comment ' at line 5
Error executing: drop table if exists IRL_INT_SPLIT;
/*==============================================================*/
/* Table: IRL_INT_SPLIT                                           */
/*==============================================================*/
create table IRL_INT_SPLIT
(
    SYSTEM_ID varchar(20) not null comment '系统ID',
    INTERNAL_KEY Decimal(15) not null comment '帐户主键',
    START_DATE varchar(8) not null comment '生效日期',
    END_DATE varchar(8) comment '终止日期',
    INT_CLASS varchar(20) not null comment '利息分类',
    ACCT_NO varchar(150) comment '账号',
    PROD_TYPE varchar(50) comment '产品类型',
    EVENT_TYPE varchar(50) comment '事件类型',
    BRANCH varchar(20) comment '机构代码',
    SOURCE_TYPE varchar(10) comment '渠道 ',
    CCY varchar(3) comment '币种',
    INT_CALC_BAL varchar(3) comment '计息方式',
    CLIENT_NO varchar(20) comment '客户号',
    CR_RATING varchar(4) comment '客户等级 ',
    IRL_GENE_STR varchar(500) comment '利率因子',
    INT_AMT Decimal(17,2) comment '计提金额',
    CUR_INT_ACCRUED Decimal(17,2) comment '当期累计计提',
    CUR_INT_ADJ Decimal(17,2) comment '当期累计调整',
    CUR_TAX_ACCRUED Decimal(17,2) comment '当期累计利息税',
    TAX_TYPE varchar(3) comment '税率类型',
    TAX_RATE Decimal(15,8) comment '税率',
    PRE_INT_ACCRUED Decimal(17,2) comment '期初累计计提',
    AFTER_INT_ACCRUED Decimal(17,2) comment '期末累计计提',
    PRE_INT_ADJ Decimal(17,2) comment '期初累计调整',
    AFTER_INT_ADJ Decimal(17,2) comment '期末累计调整',
    PRE_TAX_ACCRUED Decimal(17,2) comment '期初累计利息税',
    AFTER_TAX_ACCRUED Decimal(17,2) comment '期末累计利息税',
    COMPANY varchar(20) comment '法人代码',
    MONTH_BASIS varchar(3) comment '月基准 ',
    YEAR_BASIS varchar(3) comment '年基准天数 360天 365天',
    INT_TYPE varchar(3) comment '利率类型',
    ACTUAL_RATE Decimal(15,8) comment '行内利率',
    FLOAT_RATE Decimal(15,8) comment '浮动利率',
    REAL_RATE Decimal(15,8) comment '执行利率',
    ACCT_SPREAD_RATE Decimal(15,8) comment '分户级浮动百分点',
    ACCT_PERCENT_RATE Decimal(5,2) comment '分户浮动百分比',
    ACCT_FIXED_RATE Decimal(15,8) comment '分户级固定利率',
    AGREE_CHANGE_TYPE varchar(1) comment '协议变动方式',
    AGREE_FIXED_RATE Decimal(15,8) comment '协议固定利率',
    AGREE_PERCENT_RATE Decimal(5,2) comment '协议浮动百分比',
    AGREE_SPREAD_RATE Decimal(15,8) comment '协议浮动百分点',
    SPLIT_RATE_FLAG varchar(1) comment '利率分段标志',
    AFTER_INT_ACCRUED_DIFF Decimal(15,10) comment ' 期末计提差额',
    PRE_INT_ACCRUED_DIFF Decimal(15,10) comment '期初计提差额',
    AGREE_REDUCE_AMT Decimal(38,2) comment '协议优惠金额',
    TD_LAST_ACCR_DATE varchar(8) comment '当期上一计提日',
    TD_ACCR_INT_DAY varchar(2) comment '计提起始日期',
    TD_INT_NUM_DAYS varchar(5) comment '当期累计计息天数',
    CALC_BEGIN_DATE varchar(8) comment '利息计算起始日',
    TD_END_ACCR_DATE varchar(8) comment '计提结束日期',
    TRAN_TIME Decimal(11,0) comment '交易时间',
    TRAN_TIMESTAMP varchar(17) comment '交易时间戳',
    ROUTER_KEY varchar(100) comment '分库路由关键字',
    primary  key (SYSTEM_ID,INTERNAL_KEY,START_DATE,INT_CLASS)
);
alter table IRL_INT_SPLIT comment '分户分段信息表 undefined';
.  Cause: com.mysql.jdbc.exceptions.jdbc4.MySQLSyntaxErrorException: You have an error in your SQL syntax; check the manual that corresponds to your MySQL server version for the right syntax to use near 'create table IRL_INT_SPLIT
(
    SYSTEM_ID varchar(20) not null comment '系' at line 5
Error executing: drop index CIF_CLIENT_DOC_IND1 on CIF_CLIENT_DOCUMENT
.  Cause: com.mysql.jdbc.exceptions.jdbc4.MySQLSyntaxErrorException: Can't DROP 'CIF_CLIENT_DOC_IND1'; check that column/key exists
Error executing: drop index CIF_CLIENT_DOC_IND2 on CIF_CLIENT_DOCUMENT
.  Cause: com.mysql.jdbc.exceptions.jdbc4.MySQLSyntaxErrorException: Can't DROP 'CIF_CLIENT_DOC_IND2'; check that column/key exists
Error executing: drop index CIF_CLIENT_NO_IND on CIF_CLIENT
.  Cause: com.mysql.jdbc.exceptions.jdbc4.MySQLSyntaxErrorException: Can't DROP 'CIF_CLIENT_NO_IND'; check that column/key exists
Error executing: drop index MB_ACCT_BALANCE_IND1 on MB_ACCT_BALANCE
.  Cause: com.mysql.jdbc.exceptions.jdbc4.MySQLSyntaxErrorException: Can't DROP 'MB_ACCT_BALANCE_IND1'; check that column/key exists
Error executing: drop index MB_ACCT_BALANCE_IND2 on MB_ACCT_BALANCE
.  Cause: com.mysql.jdbc.exceptions.jdbc4.MySQLSyntaxErrorException: Can't DROP 'MB_ACCT_BALANCE_IND2'; check that column/key exists
Error executing: drop table if exists MB_ACCT_INT_DETAIL;
/*==============================================================*/
/* Table: MB_ACCT_INT_DETAIL                                           */
/*==============================================================*/
create table MB_ACCT_INT_DETAIL
(
    INTERNAL_KEY Decimal(15) not null comment '帐户主键',
    INT_CLASS varchar(20) not null comment '利息分类 IRL_INT_ROLL.INT_CLASS',
    NEXT_CYCLE_DATE varchar(8) comment '下一结息日',
    CYCLE_FREQ varchar(2) comment '结息周期',
    INT_DAY varchar(2) comment '结息日',
    LAST_CYCLE_DATE varchar(8) comment '上一结息日',
    LAST_TRUE_CYCLE_DATE varchar(8) comment '上一真实结息日（增加特殊结息日如到期日时使用）',
    INT_TYPE varchar(3) comment '利率类型 IRL_INT_TYPE.INT_TAX_TYPE',
    ACTUAL_RATE Decimal(15,8) comment '行内利率',
    FLOAT_RATE Decimal(15,8) comment '浮动利率',
    SPREAD_RATE Decimal(15,8) comment '浮动点数',
    SPREAD_PERCENT Decimal(5,2) comment '利率浮动百分比',
    ACCT_FIXED_RATE Decimal(15,8) comment '分户级固定利率',
    ACCT_SPREAD_RATE Decimal(15,8) comment '分户级浮动百分点',
    ACCT_PERCENT_RATE Decimal(5,2) comment '分户浮动百分比',
    REAL_RATE Decimal(15,8) comment '执行利率',
    PENALTY_ODI_RATE_TYPE varchar(1) comment '罚息利率使用方式  IRL_INT_TYPE.INT_TAX_TYPE',
    INT_ACCRUED_CTD Decimal(17,2) comment '计提日计提利息',
    INT_ACCRUED Decimal(17,2) comment '累计计提利息（结息周期内累计计提金额）',
    INT_ADJ_CTD Decimal(17,2) comment '计提日利息调整',
    INT_ADJ Decimal(17,2) comment '利息调整(累计)',
    INT_POSTED_CTD Decimal(17,2) comment '结息日利息金额',
    INT_POSTED Decimal(17,2) comment '结息利息金额（累计金额）',
    INT_PAST_DUE Decimal(17,2) comment '逾期利息',
    LAST_INT_PAST_DUE Decimal(17,2) comment '上日逾期利息',
    INT_CAP varchar(1) comment '资本化标志 Y:是 N:否',
    INT_CAP_AMT Decimal(17,2) comment '利息资本化金额',
    LAST_ACCRUAL_DATE varchar(8) comment '上一利息计提日',
    INT_APPL_TYPE varchar(1) comment '利率启用方式 MB_ATTR_VALUE.INT_APPL_TYPE',
    RATE_EFFECT_TYPE varchar(1) comment '利率生效方式',
    ROLL_DATE varchar(8) comment '下一个利率变更日期 ',
    ROLL_FREQ varchar(2) comment '利率变更周期',
    ROLL_DAY varchar(2) comment '下一个利率变更日 ',
    DISCNT_RETAIN_INT Decimal(17,2) comment '未实现利息',
    DISCNT_UI_FLAG Decimal(17,2) comment '折扣利息标志',
    UI_INT Decimal(17,2) comment '折扣付出利息',
    UI_PENALTY_AMT Decimal(17,2) comment '折扣罚息金额',
    DISCNT_INT Decimal(17,2) comment '折扣利息',
    CALC_BEGIN_DATE varchar(8) comment '利息计算起始日',
    CALC_END_DATE varchar(8) comment '利息计算截止日',
    LAST_CHANGE_DATE varchar(8) comment '最后变更日期 ',
    LAST_CHANGE_USER_ID varchar(30) comment '上次修改柜员',
    INT_REM_DAYS varchar(5) comment '计息剩余天数',
    YEAR_BASIS varchar(3) comment '年基准天数 360天 365天',
    MONTH_BASIS varchar(3) comment '月基准 ACT:实际天数 30D:每月30天',
    DAC_VALUE varchar(32) comment 'DAC值  防篡改加密',
    COMPANY varchar(20) comment '法人代码',
    MIN_INT_RATE Decimal(15,8) comment '执行利率下限',
    MAX_INT_RATE Decimal(15,8) comment '执行利率上限',
    TAX_TYPE varchar(3) comment '税率类型  IRL_INT_TYPE.INT_TAX_TYPE',
    TAX_RATE Decimal(15,8) comment '税率',
    TAX_ACCRUED_CTD Decimal(17,2) comment '计提日利息税',
    TAX_ACCRUED Decimal(17,2) comment '结息周期内利息税累计金额',
    TAX_POSTED_CTD Decimal(17,2) comment '结息日利息税',
    TAX_POSTED Decimal(17,2) comment '利息税累计金额',
    LAST_CYCLE_DATE_PRE varchar(8) comment '日切前上一结息日',
    INT_IND varchar(1) comment '是否计息 Y:是 N:否',
    RATE_CHANGE_IND varchar(1) comment '利率变化标志，由利率市场化返回，当执行利率发生变化时登记为Y,核心依据此标志重新生成还款计划。第二日EOD利率市场化重新赋值。',
    ACCR_INT_DAY varchar(2) comment '计提日',
    ACCR_PERIOD_FREQ varchar(2) comment '计提周期  FM_PERIOD_FREQ.PERIOD_FREQ',
    NEXT_ACCR_DATE varchar(8) comment '下一计提日期',
    AGG Decimal(38,2) not null default 0.00   comment '积数',
    AGREE_AGG Decimal(38,2) comment '协议积数',
    AGREE_POST Decimal(17,2) comment '协议利息 ',
    INT_ACCRUED_CALC_CTD Decimal(25,10) comment '计提日计提原金额（实际计算金额）',
    INT_ACCRUED_DIFF Decimal(15,10) comment '计提金额差额',
    INT_ACCRUED_T Decimal(17,2) comment '存期计提累计利息',
    INT_AMT Decimal(17,2) comment '利息金额',
    IS_CYCLE varchar(1) comment '是否结息 Y:是 N:否',
    IS_RETRY varchar(1) comment '是否重算 Y:是 N:否',
    LAST_ROLL_DATE varchar(8) comment '上一个利率变更日期  如果利率启用方式为R时录入',
    TAX_ACCRUED_CALC_CTD Decimal(25,10) comment '计提日利息税原金额（实际计算金额）',
    TAX_ACCRUED_DIFF Decimal(15,10) comment '利息税差额',
    INT_CALC_BAL varchar(3) comment '计息方式 MB_ATTR_VALUE.INT_CALC_TYPE',
    CALC_BY_INT varchar(1) default 'N' comment 'Y: 按正常利率浮动
N:不按正常利率浮动',
    SETTLE_CYCLE_DATE varchar(8) comment '账户结算日期',
    AGREE_CHANGE_TYPE varchar(1) comment '协议变动方式',
    AGREE_FIXED_RATE Decimal(15,8) comment '协议固定利率',
    AGREE_PERCENT_RATE Decimal(5,2) comment '协议浮动百分比',
    AGREE_SPREAD_RATE Decimal(15,8) comment '协议浮动百分点',
    TD_INT_NUM_DAYS varchar(5) comment '当期累计计息天数',
    SPLIT_RATE_FLAG varchar(1) comment '利率分段标志',
    INT_TAX_T Decimal(17,2) comment '存量利息税：当数据移植后，记录账户移植前的累计利息税',
    ACCT_FIXED_TAX_RATE Decimal(15,8) comment '税率固定浮动',
    ACCT_SPREAD_TAX_RATE Decimal(15,8) comment '税率百分点浮动',
    ACCT_PERCENT_TAX_RATE Decimal(15,8) comment '税率百分比浮动',
    TD_ACCR_INT_DAY varchar(2) comment '计提起始日期',
    AGREE_REDUCE_AMT Decimal(38,2) comment '协议优惠金额',
    TD_LAST_ACCR_DATE varchar(8) comment '当期上一计提日',
    SYSTEM_ID varchar(20) comment '系统ID',
    FLOAT_TYPE varchar(3) comment '浮动类型',
    FOLLOW_INT_DAY_TYPE varchar(1) comment '后续变动日利率取值日类型',
    FOLLOW_TRACE_NATURAL_DAYS varchar(5) comment '回溯自然日天数',
    FOLLOW_TRACE_WORKDAY_DAYS varchar(5) comment '回溯工作日天数',
    TRAN_TIMESTAMP varchar(17) comment '交易时间戳',
    TRAN_TIME Decimal(11,0) comment '交易时间',
    ROUTER_KEY varchar(100) comment '分库路由关键字',
    primary  key (INTERNAL_KEY,INT_CLASS)
);
alter table MB_ACCT_INT_DETAIL comment '利息明细表 undefined';
.  Cause: com.mysql.jdbc.exceptions.jdbc4.MySQLSyntaxErrorException: You have an error in your SQL syntax; check the manual that corresponds to your MySQL server version for the right syntax to use near 'create table MB_ACCT_INT_DETAIL
(
    INTERNAL_KEY Decimal(15) not null commen' at line 5
Error executing: drop index MB_ACCT_SCHEDULE_DETAIL_IND1 on MB_ACCT_SCHEDULE_DETAIL
.  Cause: com.mysql.jdbc.exceptions.jdbc4.MySQLSyntaxErrorException: Can't DROP 'MB_ACCT_SCHEDULE_DETAIL_IND1'; check that column/key exists
Error executing: drop index MB_ACCT_SCH_IND2 on MB_ACCT_SCHEDULE
.  Cause: com.mysql.jdbc.exceptions.jdbc4.MySQLSyntaxErrorException: Can't DROP 'MB_ACCT_SCH_IND2'; check that column/key exists
Error executing: drop index MB_ACCT_SEC_BALANCE_IND1 on MB_ACCT_SEC_BALANCE
.  Cause: com.mysql.jdbc.exceptions.jdbc4.MySQLSyntaxErrorException: Can't DROP 'MB_ACCT_SEC_BALANCE_IND1'; check that column/key exists
Error executing: drop index MB_ACCT_SETTLE_IND1 on MB_ACCT_SETTLE
.  Cause: com.mysql.jdbc.exceptions.jdbc4.MySQLSyntaxErrorException: Can't DROP 'MB_ACCT_SETTLE_IND1'; check that column/key exists
Error executing: drop index MB_ACCT_IND2 on MB_ACCT
.  Cause: com.mysql.jdbc.exceptions.jdbc4.MySQLSyntaxErrorException: Can't DROP 'MB_ACCT_IND2'; check that column/key exists
Error executing: drop index MB_ACCT_IND3 on MB_ACCT
.  Cause: com.mysql.jdbc.exceptions.jdbc4.MySQLSyntaxErrorException: Can't DROP 'MB_ACCT_IND3'; check that column/key exists
Error executing: drop index MB_ACCT_IND4 on MB_ACCT
.  Cause: com.mysql.jdbc.exceptions.jdbc4.MySQLSyntaxErrorException: Can't DROP 'MB_ACCT_IND4'; check that column/key exists
Error executing: drop index MB_ACCT_IND5 on MB_ACCT
.  Cause: com.mysql.jdbc.exceptions.jdbc4.MySQLSyntaxErrorException: Can't DROP 'MB_ACCT_IND5'; check that column/key exists
Error executing: drop index MB_AGREEMENT_LOAN_IND1 on MB_AGREEMENT_LOAN
.  Cause: com.mysql.jdbc.exceptions.jdbc4.MySQLSyntaxErrorException: Can't DROP 'MB_AGREEMENT_LOAN_IND1'; check that column/key exists
Error executing: drop index MB_AGREEMENT_LOAN_IND2 on MB_AGREEMENT_LOAN
.  Cause: com.mysql.jdbc.exceptions.jdbc4.MySQLSyntaxErrorException: Can't DROP 'MB_AGREEMENT_LOAN_IND2'; check that column/key exists
Error executing: drop index MB_AGREEMENT_OVERDRAFT_IND2 on MB_AGREEMENT_OVERDRAFT
.  Cause: com.mysql.jdbc.exceptions.jdbc4.MySQLSyntaxErrorException: Can't DROP 'MB_AGREEMENT_OVERDRAFT_IND2'; check that column/key exists
Error executing: drop index MB_AGREEMENT_IND2 on MB_AGREEMENT
.  Cause: com.mysql.jdbc.exceptions.jdbc4.MySQLSyntaxErrorException: Can't DROP 'MB_AGREEMENT_IND2'; check that column/key exists
Error executing: drop index MB_AGREEMENT_IND3 on MB_AGREEMENT
.  Cause: com.mysql.jdbc.exceptions.jdbc4.MySQLSyntaxErrorException: Can't DROP 'MB_AGREEMENT_IND3'; check that column/key exists
Error executing: drop index MB_AGREEMENT_IND4 on MB_AGREEMENT
.  Cause: com.mysql.jdbc.exceptions.jdbc4.MySQLSyntaxErrorException: Can't DROP 'MB_AGREEMENT_IND4'; check that column/key exists
Error executing: drop index MB_CHANL_TRAN_INDEX on MB_CHANNEL_TRAN_HIST
.  Cause: com.mysql.jdbc.exceptions.jdbc4.MySQLSyntaxErrorException: Can't DROP 'MB_CHANL_TRAN_INDEX'; check that column/key exists
Error executing: drop index MB_CHANL_TRAN_INDEX_1 on MB_CHANNEL_TRAN_HIST
.  Cause: com.mysql.jdbc.exceptions.jdbc4.MySQLSyntaxErrorException: Can't DROP 'MB_CHANL_TRAN_INDEX_1'; check that column/key exists
Error executing: drop index MB_CHANL_TRAN_INDEX_2 on MB_CHANNEL_TRAN_HIST
.  Cause: com.mysql.jdbc.exceptions.jdbc4.MySQLSyntaxErrorException: Can't DROP 'MB_CHANL_TRAN_INDEX_2'; check that column/key exists
Error executing: drop table if exists MB_COLLAT_TBL;
/*==============================================================*/
/* Table: MB_COLLAT_TBL                                           */
/*==============================================================*/
create table MB_COLLAT_TBL
(
    COLL_REF varchar(50) not null comment '抵押品编号',
    BRANCH varchar(20) comment '机构号',
    CONTRACT_NO varchar(50) comment '合同号',
    OWNER_NO varchar(200) comment '客户号',
    OWNER varchar(50) comment '客户名称',
    COLLAT_TYPE varchar(10) comment '抵押品种类',
    COLLAT_NAME varchar(50) comment '抵押品名称',
    COLLAT_VALUE Decimal(17,2) comment '抵押品价值',
    CCY varchar(3) comment '币种',
    VOUCHER_NO varchar(50) comment '凭证号',
    BASE_ACCT_NO varchar(150) comment '账户',
    PROD_TYPE varchar(50) comment '产品类型',
    ACCT_CCY varchar(3) comment '账户币种',
    ACCT_SEQ_NO varchar(8) comment '账户序号',
    BEGIN_DATE varchar(8) comment '开始日期',
    END_DATE varchar(8) comment '结束日期',
    TRAN_DATE varchar(8) comment '交易日期',
    STATUS varchar(3) comment '状态',
    USER_ID varchar(30) comment '操作柜员',
    AUTH_USER_ID varchar(30) comment '复核柜员',
    APPR_USER_ID varchar(30) comment '授权柜员',
    WS_ID varchar(200) comment '操作机器码',
    NARRATIVE varchar(300) comment '备注',
    LAST_CHANGE_DATE varchar(8) comment '最后修改日期',
    IS_INNER varchar(2) comment '是否本行',
    SOURCE_TYPE varchar(10) comment '渠道类型',
    RESTRAINT_SEQ_NO varchar(50) comment '限制序号',
    VERIFY varchar(1) comment '是否确认',
    TRAN_TIMESTAMP varchar(17) comment '交易时间戳',
    TRAN_TIME Decimal(11,0) comment '交易时间',
    ROUTER_KEY varchar(100) comment '分库路由关键字',
    primary  key (COLL_REF)
);
alter table MB_COLLAT_TBL comment '抵质押品登记薄 undefined';
.  Cause: com.mysql.jdbc.exceptions.jdbc4.MySQLSyntaxErrorException: You have an error in your SQL syntax; check the manual that corresponds to your MySQL server version for the right syntax to use near 'create table MB_COLLAT_TBL
(
    COLL_REF varchar(50) not null comment '抵押' at line 5
Error executing: drop index mb_seq_index on MB_COLLATE_APPLY
.  Cause: com.mysql.jdbc.exceptions.jdbc4.MySQLSyntaxErrorException: Can't DROP 'mb_seq_index'; check that column/key exists
Error executing: drop index mb_tran_index1 on MB_COLLATE_APPLY
.  Cause: com.mysql.jdbc.exceptions.jdbc4.MySQLSyntaxErrorException: Can't DROP 'mb_tran_index1'; check that column/key exists
Error executing: /*==============================================================*/
/* Table: MB_FEE_AMORTIZE_AGR                                           */
/*==============================================================*/
create table MB_FEE_AMORTIZE_AGR
(
    AGREEMENT_ID varchar(30) not null comment '合约编号',
    INTERNAL_KEY Decimal(15) comment '账户标识符',
    CLIENT_NO varchar(20) not null comment '客户号',
    TRAN_TYPE varchar(10) not null comment '交易类型',
    FEE_TYPE varchar(8) not null comment '费用类型',
    AMORTIZE_NAME varchar(200) comment '摊销名称',
    BUSI_NO varchar(50) comment '业务编号',
    AMORTIZE_PERIOD_FREQ varchar(2) not null comment '摊销频率 ',
    AMORTIZE_TIME varchar(2) not null comment '摊销时间 F-期初 L-期末 D-周期内固定日期',
    AMORTIZE_MONTH varchar(2) comment '摊销月',
    AMORTIZE_DAY varchar(2) comment '摊销日',
    LAST_AMORTIZE_DATE varchar(8) comment '上一摊销日期',
    NEXT_AMORTIZE_DATE varchar(8) comment '下一摊销日期',
    AMORTIZE_CCY varchar(3) not null comment '摊销币种',
    AMORTIZE_TOTAL_AMT Decimal(17,2) not null comment '摊销总金额',
    AMORTIZED_AMT Decimal(17,2) comment '已摊销金额',
    REMAIN_AMORTIZE_AMT Decimal(17,2) not null comment '剩余摊销金额',
    AMORTIZE_TOTAL_CNT varchar(5) comment '摊销总次数',
    AMORTIZED_CNT varchar(5) comment '已摊销次数',
    REMAIN_AMORTIZE_CNT varchar(5) comment '剩余摊销次数',
    EFFECT_DATE varchar(8) not null comment '生效日期',
    END_DATE varchar(8) comment '结束日期',
    AMORTIZE_STATUS varchar(2) not null comment '摊销状态 A-活动 C-正常关闭 D-已删除 P-预建立 R-已冲销',
    TRAN_DATE varchar(8) not null comment '交易日期',
    TRAN_BRANCH varchar(20) not null comment '交易机构',
    USER_ID varchar(30) comment '交易柜员',
    AUTH_USER_ID varchar(30) comment '授权柜员',
    REFERENCE varchar(50) comment '交易参考号',
    CHANNEL_SEQ_NO varchar(50) comment '渠道流水号',
    BANK_SEQ_NO varchar(50) comment '银行交易序号',
    SOURCE_MODULE varchar(10) comment '来源模块',
    SOURCE_TYPE varchar(10) comment '渠道类型',
    OSD_SEQ_NO varchar(50) comment '应收费用序号
.  Cause: com.mysql.jdbc.exceptions.jdbc4.MySQLSyntaxErrorException: You have an error in your SQL syntax; check the manual that corresponds to your MySQL server version for the right syntax to use near ''应收费用序号' at line 38
Error executing:     BATCH_SEQ_NO varchar(50) comment '登记序号
.  Cause: com.mysql.jdbc.exceptions.jdbc4.MySQLSyntaxErrorException: You have an error in your SQL syntax; check the manual that corresponds to your MySQL server version for the right syntax to use near 'BATCH_SEQ_NO varchar(50) comment '登记序号' at line 1
Error executing:     REVERSAL varchar(1) not null comment '冲正标志',
    REVERSAL_USER_ID varchar(30) comment '冲正柜员',
    REVERSAL_AUTH_USER_ID varchar(30) comment '冲正授权柜员',
    REVERSAL_BRANCH varchar(20) comment '冲正机构',
    REVERSAL_DATE varchar(8) comment '冲正日期',
    TRAN_TIMESTAMP varchar(17) comment '交易时间戳',
    TRAN_TIME Decimal(11,0) comment '交易时间',
    ROUTER_KEY varchar(100) comment '分库路由关键字',
    primary  key (AGREEMENT_ID)
)
.  Cause: com.mysql.jdbc.exceptions.jdbc4.MySQLSyntaxErrorException: You have an error in your SQL syntax; check the manual that corresponds to your MySQL server version for the right syntax to use near 'REVERSAL varchar(1) not null comment '冲正标志',
    REVERSAL_USER_ID varch' at line 1
Error executing: alter table MB_FEE_AMORTIZE_AGR comment '摊销合约表 undefined'
.  Cause: com.mysql.jdbc.exceptions.jdbc4.MySQLSyntaxErrorException: Table 'ensemble_om.mb_fee_amortize_agr' doesn't exist
Error executing: drop index MB_INVOICE_IND2 on MB_INVOICE
.  Cause: com.mysql.jdbc.exceptions.jdbc4.MySQLSyntaxErrorException: Can't DROP 'MB_INVOICE_IND2'; check that column/key exists
Error executing: drop index MB_INVOICE_IND1 on MB_INVOICE
.  Cause: com.mysql.jdbc.exceptions.jdbc4.MySQLSyntaxErrorException: Can't DROP 'MB_INVOICE_IND1'; check that column/key exists
Error executing: drop index MB_MANUAL_DETAIL_INDEX on MB_MANUAL_DETAIL
.  Cause: com.mysql.jdbc.exceptions.jdbc4.MySQLSyntaxErrorException: Can't DROP 'MB_MANUAL_DETAIL_INDEX'; check that column/key exists
Error executing: drop index MB_MANUAL_DETAIL_INDEX_1 on MB_MANUAL_DETAIL
.  Cause: com.mysql.jdbc.exceptions.jdbc4.MySQLSyntaxErrorException: Can't DROP 'MB_MANUAL_DETAIL_INDEX_1'; check that column/key exists
Error executing: drop index MB_MANUAL_DETAIL_INDEX_2 on MB_MANUAL_DETAIL
.  Cause: com.mysql.jdbc.exceptions.jdbc4.MySQLSyntaxErrorException: Can't DROP 'MB_MANUAL_DETAIL_INDEX_2'; check that column/key exists
Error executing: drop index MB_MAUA_TRAN_INDEX on MB_MANUAL_TRAN_HIST
.  Cause: com.mysql.jdbc.exceptions.jdbc4.MySQLSyntaxErrorException: Can't DROP 'MB_MAUA_TRAN_INDEX'; check that column/key exists
Error executing: drop index MB_MAUA_TRAN_INDEX_1 on MB_MANUAL_TRAN_HIST
.  Cause: com.mysql.jdbc.exceptions.jdbc4.MySQLSyntaxErrorException: Can't DROP 'MB_MAUA_TRAN_INDEX_1'; check that column/key exists
Error executing: drop index MB_MAUA_TRAN_INDEX_2 on MB_MANUAL_TRAN_HIST
.  Cause: com.mysql.jdbc.exceptions.jdbc4.MySQLSyntaxErrorException: Can't DROP 'MB_MAUA_TRAN_INDEX_2'; check that column/key exists
Error executing: drop index MB_MAUA_TRAN_INDEX_3 on MB_MANUAL_TRAN_HIST
.  Cause: com.mysql.jdbc.exceptions.jdbc4.MySQLSyntaxErrorException: Can't DROP 'MB_MAUA_TRAN_INDEX_3'; check that column/key exists
Error executing: drop index MB_TRAN_CONTROL_HIST_IND1 on MB_TRAN_CONTROL_HIST
.  Cause: com.mysql.jdbc.exceptions.jdbc4.MySQLSyntaxErrorException: Can't DROP 'MB_TRAN_CONTROL_HIST_IND1'; check that column/key exists
Error executing: drop index MB_TRAN_HIST_IND1 on MB_TRAN_HIST
.  Cause: com.mysql.jdbc.exceptions.jdbc4.MySQLSyntaxErrorException: Can't DROP 'MB_TRAN_HIST_IND1'; check that column/key exists
Error executing: drop index MB_TRAN_HIST_IND2 on MB_TRAN_HIST
.  Cause: com.mysql.jdbc.exceptions.jdbc4.MySQLSyntaxErrorException: Can't DROP 'MB_TRAN_HIST_IND2'; check that column/key exists
Error executing: drop index MUBT_IND1 on MB_UPD_BALANCE_TRAN
.  Cause: com.mysql.jdbc.exceptions.jdbc4.MySQLSyntaxErrorException: Can't DROP 'MUBT_IND1'; check that column/key exists
Error executing: drop index MUBT_IND2 on MB_UPD_BALANCE_TRAN
.  Cause: com.mysql.jdbc.exceptions.jdbc4.MySQLSyntaxErrorException: Can't DROP 'MUBT_IND2'; check that column/key exists
Error executing: drop index TB_VOUCHER_INFO_IND1 on TB_VOUCHER_INFO
.  Cause: com.mysql.jdbc.exceptions.jdbc4.MySQLSyntaxErrorException: Can't DROP 'TB_VOUCHER_INFO_IND1'; check that column/key exists
Error executing: drop index FX_MB_PAY_MESAGE_IND2 on FX_MB_PAYMENT_MESSAGE
.  Cause: com.mysql.jdbc.exceptions.jdbc4.MySQLSyntaxErrorException: Can't DROP 'FX_MB_PAY_MESAGE_IND2'; check that column/key exists
Error executing: drop index FX_MB_PAY_MESAGE_IND3 on FX_MB_PAYMENT_MESSAGE
.  Cause: com.mysql.jdbc.exceptions.jdbc4.MySQLSyntaxErrorException: Can't DROP 'FX_MB_PAY_MESAGE_IND3'; check that column/key exists
Error executing: drop index FX_MB_PAYMENT_TH_IND2 on FX_MB_PAYMENT_TRAN_HIST
.  Cause: com.mysql.jdbc.exceptions.jdbc4.MySQLSyntaxErrorException: Can't DROP 'FX_MB_PAYMENT_TH_IND2'; check that column/key exists
Error executing: drop index FX_MB_PAYMENT_TH_IND3 on FX_MB_PAYMENT_TRAN_HIST
.  Cause: com.mysql.jdbc.exceptions.jdbc4.MySQLSyntaxErrorException: Can't DROP 'FX_MB_PAYMENT_TH_IND3'; check that column/key exists
Error executing: drop index FX_MB_STOR_TRANH_IND2 on FX_MB_STOR_TRAN_HIST
.  Cause: com.mysql.jdbc.exceptions.jdbc4.MySQLSyntaxErrorException: Can't DROP 'FX_MB_STOR_TRANH_IND2'; check that column/key exists
Error executing: drop index FX_MB_STOR_TRANH_IND3 on FX_MB_STOR_TRAN_HIST
.  Cause: com.mysql.jdbc.exceptions.jdbc4.MySQLSyntaxErrorException: Can't DROP 'FX_MB_STOR_TRANH_IND3'; check that column/key exists
Error executing: drop index CIF_CLIENT_DOC_IND1 on CIF_CLIENT_DOCUMENT
.  Cause: com.mysql.jdbc.exceptions.jdbc4.MySQLSyntaxErrorException: Can't DROP 'CIF_CLIENT_DOC_IND1'; check that column/key exists
Error executing: drop index CIF_CLIENT_DOC_IND2 on CIF_CLIENT_DOCUMENT
.  Cause: com.mysql.jdbc.exceptions.jdbc4.MySQLSyntaxErrorException: Can't DROP 'CIF_CLIENT_DOC_IND2'; check that column/key exists
Error executing: drop index CIF_CLIENT_NO_IND on CIF_CLIENT
.  Cause: com.mysql.jdbc.exceptions.jdbc4.MySQLSyntaxErrorException: Can't DROP 'CIF_CLIENT_NO_IND'; check that column/key exists
Error executing: drop index IRL_ACCR_INFO_MAIN_IND1 on IRL_ACCR_INFO_MAIN
.  Cause: com.mysql.jdbc.exceptions.jdbc4.MySQLSyntaxErrorException: Can't DROP 'IRL_ACCR_INFO_MAIN_IND1'; check that column/key exists
Error executing: drop table if exists IRL_INT_SPLIT_RATE;
/*==============================================================*/
/* Table: IRL_INT_SPLIT_RATE                                           */
/*==============================================================*/
create table IRL_INT_SPLIT_RATE
(
    IRL_SEQ_NO varchar(50) not null comment '序号  ',
    SYSTEM_ID varchar(20) not null comment '系统ID',
    INTERNAL_KEY Decimal(15) not null comment '帐户主键',
    INT_CLASS varchar(20) comment '利息分类',
    SPLIT_DATE varchar(8) comment '分段时计算开始日期',
    START_DATE varchar(8) comment '生效日期',
    END_DATE varchar(8) comment '分段时计算结束日期',
    PERI_SPLIT_ID varchar(10) comment '周期分段ID',
    PERI_SEQ_NO varchar(5) comment '周期分段序号',
    AMT_SPLIT_ID varchar(10) comment '金额分段ID',
    AMT_SEQ_NO varchar(5) comment '金额分段序号',
    NEAR_AMT Decimal(17,2) comment '靠档金额',
    ACCR_AMT Decimal(17,2) comment '计提金额',
    NEAR_PERIOD_TYPE varchar(1) comment '分段周期类型',
    NEAR_PERIOD varchar(5) comment '分段周期',
    ACCR_DAYS varchar(10) comment '计息天数',
    ACTUAL_RATE Decimal(15,8) comment '行内利率',
    FLOAT_RATE Decimal(15,8) comment '浮动利率',
    REAL_RATE Decimal(15,8) comment '执行利率',
    ACCT_SPREAD_RATE Decimal(15,8) comment '分户级浮动百分点',
    ACCT_PERCENT_RATE Decimal(5,2) comment '分户浮动百分比',
    ACCT_FIXED_RATE Decimal(15,8) comment '分户级固定利率',
    INT_TYPE varchar(3) comment '利率类型',
    AMT_SPLIT_MODE varchar(1) comment '金额分段模型',
    PERI_SPLIT_MODE varchar(1) comment '周期分段模型',
    YEAR_BASIS varchar(3) comment '年基准天数',
    MONTH_BASIS varchar(3) comment '月基准天数',
    RECAL_METHOD varchar(1) comment '重算利息方法  ',
    COMPANY varchar(20) comment '法人代码',
    AGREE_FIXED_RATE Decimal(15,8) comment '协议固定利率',
    AGREE_PERCENT_RATE Decimal(5,2) comment '协议浮动百分比',
    AGREE_SPREAD_RATE Decimal(15,8) comment '协议浮动百分点',
    AGREE_CHANGE_TYPE varchar(1) comment '协议变动方式',
    AGREE_REDUCE_AMT Decimal(38,2) comment '协议优惠金额',
    TD_LAST_ACCR_DATE varchar(8) comment '当期上一计提日',
    TD_ACCR_INT_DAY varchar(2) comment '计提起始日期',
    TD_INT_NUM_DAYS varchar(5) comment '当期累计计息天数',
    CALC_BEGIN_DATE varchar(8) comment '利息计算起始日',
    TD_END_ACCR_DATE varchar(8) comment '计提结束日期',
    TRAN_TIMESTAMP varchar(17) comment '交易时间戳',
    TRAN_TIME Decimal(11,0) comment '交易时间',
    ROUTER_KEY varchar(100) comment '分库路由关键字',
    primary  key (IRL_SEQ_NO)
);
alter table IRL_INT_SPLIT_RATE comment '分户分段信息利率表 undefined';
.  Cause: com.mysql.jdbc.exceptions.jdbc4.MySQLSyntaxErrorException: You have an error in your SQL syntax; check the manual that corresponds to your MySQL server version for the right syntax to use near 'create table IRL_INT_SPLIT_RATE
(
    IRL_SEQ_NO varchar(50) not null comment ' at line 5
Error executing: drop table if exists IRL_INT_SPLIT;
/*==============================================================*/
/* Table: IRL_INT_SPLIT                                           */
/*==============================================================*/
create table IRL_INT_SPLIT
(
    SYSTEM_ID varchar(20) not null comment '系统ID',
    INTERNAL_KEY Decimal(15) not null comment '帐户主键',
    START_DATE varchar(8) not null comment '生效日期',
    END_DATE varchar(8) comment '终止日期',
    INT_CLASS varchar(20) not null comment '利息分类',
    ACCT_NO varchar(150) comment '账号',
    PROD_TYPE varchar(50) comment '产品类型',
    EVENT_TYPE varchar(50) comment '事件类型',
    BRANCH varchar(20) comment '机构代码',
    SOURCE_TYPE varchar(10) comment '渠道 ',
    CCY varchar(3) comment '币种',
    INT_CALC_BAL varchar(3) comment '计息方式',
    CLIENT_NO varchar(20) comment '客户号',
    CR_RATING varchar(4) comment '客户等级 ',
    IRL_GENE_STR varchar(500) comment '利率因子',
    INT_AMT Decimal(17,2) comment '计提金额',
    CUR_INT_ACCRUED Decimal(17,2) comment '当期累计计提',
    CUR_INT_ADJ Decimal(17,2) comment '当期累计调整',
    CUR_TAX_ACCRUED Decimal(17,2) comment '当期累计利息税',
    TAX_TYPE varchar(3) comment '税率类型',
    TAX_RATE Decimal(15,8) comment '税率',
    PRE_INT_ACCRUED Decimal(17,2) comment '期初累计计提',
    AFTER_INT_ACCRUED Decimal(17,2) comment '期末累计计提',
    PRE_INT_ADJ Decimal(17,2) comment '期初累计调整',
    AFTER_INT_ADJ Decimal(17,2) comment '期末累计调整',
    PRE_TAX_ACCRUED Decimal(17,2) comment '期初累计利息税',
    AFTER_TAX_ACCRUED Decimal(17,2) comment '期末累计利息税',
    COMPANY varchar(20) comment '法人代码',
    MONTH_BASIS varchar(3) comment '月基准 ',
    YEAR_BASIS varchar(3) comment '年基准天数 360天 365天',
    INT_TYPE varchar(3) comment '利率类型',
    ACTUAL_RATE Decimal(15,8) comment '行内利率',
    FLOAT_RATE Decimal(15,8) comment '浮动利率',
    REAL_RATE Decimal(15,8) comment '执行利率',
    ACCT_SPREAD_RATE Decimal(15,8) comment '分户级浮动百分点',
    ACCT_PERCENT_RATE Decimal(5,2) comment '分户浮动百分比',
    ACCT_FIXED_RATE Decimal(15,8) comment '分户级固定利率',
    AGREE_CHANGE_TYPE varchar(1) comment '协议变动方式',
    AGREE_FIXED_RATE Decimal(15,8) comment '协议固定利率',
    AGREE_PERCENT_RATE Decimal(5,2) comment '协议浮动百分比',
    AGREE_SPREAD_RATE Decimal(15,8) comment '协议浮动百分点',
    SPLIT_RATE_FLAG varchar(1) comment '利率分段标志',
    AFTER_INT_ACCRUED_DIFF Decimal(15,10) comment ' 期末计提差额',
    PRE_INT_ACCRUED_DIFF Decimal(15,10) comment '期初计提差额',
    AGREE_REDUCE_AMT Decimal(38,2) comment '协议优惠金额',
    TD_LAST_ACCR_DATE varchar(8) comment '当期上一计提日',
    TD_ACCR_INT_DAY varchar(2) comment '计提起始日期',
    TD_INT_NUM_DAYS varchar(5) comment '当期累计计息天数',
    CALC_BEGIN_DATE varchar(8) comment '利息计算起始日',
    TD_END_ACCR_DATE varchar(8) comment '计提结束日期',
    TRAN_TIME Decimal(11,0) comment '交易时间',
    TRAN_TIMESTAMP varchar(17) comment '交易时间戳',
    ROUTER_KEY varchar(100) comment '分库路由关键字',
    primary  key (SYSTEM_ID,INTERNAL_KEY,START_DATE,INT_CLASS)
);
alter table IRL_INT_SPLIT comment '分户分段信息表 undefined';
.  Cause: com.mysql.jdbc.exceptions.jdbc4.MySQLSyntaxErrorException: You have an error in your SQL syntax; check the manual that corresponds to your MySQL server version for the right syntax to use near 'create table IRL_INT_SPLIT
(
    SYSTEM_ID varchar(20) not null comment '系' at line 5
